The system is: Linux - 4.4.0-19041-Microsoft - x86_64
Compiling the C compiler identification source file "CMakeCCompilerId.c" succeeded.
Compiler: /mnt/c/mingw-w64/mingw64/bin/x86_64-w64-mingw32-gcc.exe 
Build flags: 
Id flags:  

The output was:
0


Compilation of the C compiler identification source "CMakeCCompilerId.c" produced "a.exe"

The C compiler identification is GNU, found in "/home/komi/CodeCademy/Barcode-Task/build/CMakeFiles/3.16.3/CompilerIdC/a.exe"

Compiling the CXX compiler identification source file "CMakeCXXCompilerId.cpp" succeeded.
Compiler: /mnt/c/mingw-w64/mingw64/bin/x86_64-w64-mingw32-g++.exe 
Build flags: 
Id flags:  

The output was:
0


Compilation of the CXX compiler identification source "CMakeCXXCompilerId.cpp" produced "a.exe"

The CXX compiler identification is GNU, found in "/home/komi/CodeCademy/Barcode-Task/build/CMakeFiles/3.16.3/CompilerIdCXX/a.exe"

Determining if the C compiler works passed with the following output:
Change Dir: /home/komi/CodeCademy/Barcode-Task/build/CMakeFiles/CMakeTmp

Run Build Command(s):/usr/bin/make cmTC_254c4/fast && /usr/bin/make -f CMakeFiles/cmTC_254c4.dir/build.make CMakeFiles/cmTC_254c4.dir/build
make[1]: Entering directory '/home/komi/CodeCademy/Barcode-Task/build/CMakeFiles/CMakeTmp'
Building C object CMakeFiles/cmTC_254c4.dir/testCCompiler.c.o
/mnt/c/mingw-w64/mingw64/bin/x86_64-w64-mingw32-gcc.exe    -o CMakeFiles/cmTC_254c4.dir/testCCompiler.c.o   -c /home/komi/CodeCademy/Barcode-Task/build/CMakeFiles/CMakeTmp/testCCompiler.c
Linking C executable cmTC_254c4
/usr/bin/cmake -E cmake_link_script CMakeFiles/cmTC_254c4.dir/link.txt --verbose=1
/mnt/c/mingw-w64/mingw64/bin/x86_64-w64-mingw32-gcc.exe      CMakeFiles/cmTC_254c4.dir/testCCompiler.c.o  -o cmTC_254c4 
make[1]: Leaving directory '/home/komi/CodeCademy/Barcode-Task/build/CMakeFiles/CMakeTmp'



Determining if the CXX compiler works passed with the following output:
Change Dir: /home/komi/CodeCademy/Barcode-Task/build/CMakeFiles/CMakeTmp

Run Build Command(s):/usr/bin/make cmTC_e83d5/fast && /usr/bin/make -f CMakeFiles/cmTC_e83d5.dir/build.make CMakeFiles/cmTC_e83d5.dir/build
make[1]: Entering directory '/home/komi/CodeCademy/Barcode-Task/build/CMakeFiles/CMakeTmp'
Building CXX object CMakeFiles/cmTC_e83d5.dir/testCXXCompiler.cxx.o
/mnt/c/mingw-w64/mingw64/bin/x86_64-w64-mingw32-g++.exe     -o CMakeFiles/cmTC_e83d5.dir/testCXXCompiler.cxx.o -c /home/komi/CodeCademy/Barcode-Task/build/CMakeFiles/CMakeTmp/testCXXCompiler.cxx
Linking CXX executable cmTC_e83d5
/usr/bin/cmake -E cmake_link_script CMakeFiles/cmTC_e83d5.dir/link.txt --verbose=1
/mnt/c/mingw-w64/mingw64/bin/x86_64-w64-mingw32-g++.exe       CMakeFiles/cmTC_e83d5.dir/testCXXCompiler.cxx.o  -o cmTC_e83d5 
make[1]: Leaving directory '/home/komi/CodeCademy/Barcode-Task/build/CMakeFiles/CMakeTmp'



